Task Arguments: 
JobId = b39b5048-de15-4e3c-91fb-abb2c8dac81e
TaskId = 81
JobPrep Working Dir = /mnt/batch/tasks/workitems/b39b5048-de15-4e3c-91fb-abb2c8dac81e/job-1/jobpreparation/wd
Task Working Dir = /mnt/batch/tasks/workitems/b39b5048-de15-4e3c-91fb-abb2c8dac81e/job-1/81/wd
Shared Dir = /mnt/batch/tasks/shared
My ID is: 81
Running from: 811
Running to: 820
Copying and unpacking model files to working directory
Run parameter line 811
Run replication 1 for parameter line 811
Run replication 2 for parameter line 811
Run replication 3 for parameter line 811
Run replication 4 for parameter line 811
Run replication 5 for parameter line 811
Run replication 6 for parameter line 811
Run replication 7 for parameter line 811
Run replication 8 for parameter line 811
Run replication 9 for parameter line 811
Run replication 10 for parameter line 811
Run replication 11 for parameter line 811
Run replication 12 for parameter line 811
Run replication 13 for parameter line 811
Run replication 14 for parameter line 811
Run replication 15 for parameter line 811
Run replication 16 for parameter line 811
Run replication 17 for parameter line 811
Run replication 18 for parameter line 811
Run replication 19 for parameter line 811
Run replication 20 for parameter line 811
Run replication 21 for parameter line 811
Run replication 22 for parameter line 811
Run replication 23 for parameter line 811
Run replication 24 for parameter line 811
Run replication 25 for parameter line 811
Run replication 26 for parameter line 811
Run replication 27 for parameter line 811
Run replication 28 for parameter line 811
Run replication 29 for parameter line 811
Run replication 30 for parameter line 811
Run replication 31 for parameter line 811
Run replication 32 for parameter line 811
Run replication 33 for parameter line 811
Run replication 34 for parameter line 811
Run replication 35 for parameter line 811
Run replication 36 for parameter line 811
Run replication 37 for parameter line 811
Run replication 38 for parameter line 811
Run replication 39 for parameter line 811
Run replication 40 for parameter line 811
Run replication 41 for parameter line 811
Run replication 42 for parameter line 811
Run replication 43 for parameter line 811
Run replication 44 for parameter line 811
Run replication 45 for parameter line 811
Run replication 46 for parameter line 811
Run replication 47 for parameter line 811
Run replication 48 for parameter line 811
Run replication 49 for parameter line 811
Run replication 50 for parameter line 811
Run parameter line 812
Run replication 1 for parameter line 812
Run replication 2 for parameter line 812
Run replication 3 for parameter line 812
Run replication 4 for parameter line 812
Run replication 5 for parameter line 812
Run replication 6 for parameter line 812
Run replication 7 for parameter line 812
Run replication 8 for parameter line 812
Run replication 9 for parameter line 812
Run replication 10 for parameter line 812
Run replication 11 for parameter line 812
Run replication 12 for parameter line 812
Run replication 13 for parameter line 812
Run replication 14 for parameter line 812
Run replication 15 for parameter line 812
Run replication 16 for parameter line 812
Run replication 17 for parameter line 812
Run replication 18 for parameter line 812
Run replication 19 for parameter line 812
Run replication 20 for parameter line 812
Run replication 21 for parameter line 812
Run replication 22 for parameter line 812
Run replication 23 for parameter line 812
Run replication 24 for parameter line 812
Run replication 25 for parameter line 812
Run replication 26 for parameter line 812
Run replication 27 for parameter line 812
Run replication 28 for parameter line 812
Run replication 29 for parameter line 812
Run replication 30 for parameter line 812
Run replication 31 for parameter line 812
Run replication 32 for parameter line 812
Run replication 33 for parameter line 812
Run replication 34 for parameter line 812
Run replication 35 for parameter line 812
Run replication 36 for parameter line 812
Run replication 37 for parameter line 812
Run replication 38 for parameter line 812
Run replication 39 for parameter line 812
Run replication 40 for parameter line 812
Run replication 41 for parameter line 812
Run replication 42 for parameter line 812
Run replication 43 for parameter line 812
Run replication 44 for parameter line 812
Run replication 45 for parameter line 812
Run replication 46 for parameter line 812
Run replication 47 for parameter line 812
Run replication 48 for parameter line 812
Run replication 49 for parameter line 812
Run replication 50 for parameter line 812
Run parameter line 813
Run replication 1 for parameter line 813
Run replication 2 for parameter line 813
Run replication 3 for parameter line 813
Run replication 4 for parameter line 813
Run replication 5 for parameter line 813
Run replication 6 for parameter line 813
Run replication 7 for parameter line 813
Run replication 8 for parameter line 813
Run replication 9 for parameter line 813
Run replication 10 for parameter line 813
Run replication 11 for parameter line 813
Run replication 12 for parameter line 813
Run replication 13 for parameter line 813
Run replication 14 for parameter line 813
Run replication 15 for parameter line 813
Run replication 16 for parameter line 813
Run replication 17 for parameter line 813
Run replication 18 for parameter line 813
Run replication 19 for parameter line 813
Run replication 20 for parameter line 813
Run replication 21 for parameter line 813
Run replication 22 for parameter line 813
Run replication 23 for parameter line 813
Run replication 24 for parameter line 813
Run replication 25 for parameter line 813
Run replication 26 for parameter line 813
Run replication 27 for parameter line 813
Run replication 28 for parameter line 813
Run replication 29 for parameter line 813
Run replication 30 for parameter line 813
Run replication 31 for parameter line 813
Run replication 32 for parameter line 813
Run replication 33 for parameter line 813
Run replication 34 for parameter line 813
Run replication 35 for parameter line 813
Run replication 36 for parameter line 813
Run replication 37 for parameter line 813
Run replication 38 for parameter line 813
Run replication 39 for parameter line 813
Run replication 40 for parameter line 813
Run replication 41 for parameter line 813
Run replication 42 for parameter line 813
Run replication 43 for parameter line 813
Run replication 44 for parameter line 813
Run replication 45 for parameter line 813
Run replication 46 for parameter line 813
Run replication 47 for parameter line 813
Run replication 48 for parameter line 813
Run replication 49 for parameter line 813
Run replication 50 for parameter line 813
Run parameter line 814
Run replication 1 for parameter line 814
Run replication 2 for parameter line 814
Run replication 3 for parameter line 814
Run replication 4 for parameter line 814
Run replication 5 for parameter line 814
Run replication 6 for parameter line 814
Run replication 7 for parameter line 814
Run replication 8 for parameter line 814
Run replication 9 for parameter line 814
Run replication 10 for parameter line 814
Run replication 11 for parameter line 814
Run replication 12 for parameter line 814
Run replication 13 for parameter line 814
Run replication 14 for parameter line 814
Run replication 15 for parameter line 814
Run replication 16 for parameter line 814
Run replication 17 for parameter line 814
Run replication 18 for parameter line 814
Run replication 19 for parameter line 814
Run replication 20 for parameter line 814
Run replication 21 for parameter line 814
Run replication 22 for parameter line 814
Run replication 23 for parameter line 814
Run replication 24 for parameter line 814
Run replication 25 for parameter line 814
Run replication 26 for parameter line 814
Run replication 27 for parameter line 814
Run replication 28 for parameter line 814
Run replication 29 for parameter line 814
Run replication 30 for parameter line 814
Run replication 31 for parameter line 814
Run replication 32 for parameter line 814
Run replication 33 for parameter line 814
Run replication 34 for parameter line 814
Run replication 35 for parameter line 814
Run replication 36 for parameter line 814
Run replication 37 for parameter line 814
Run replication 38 for parameter line 814
Run replication 39 for parameter line 814
Run replication 40 for parameter line 814
Run replication 41 for parameter line 814
Run replication 42 for parameter line 814
Run replication 43 for parameter line 814
Run replication 44 for parameter line 814
Run replication 45 for parameter line 814
Run replication 46 for parameter line 814
Run replication 47 for parameter line 814
Run replication 48 for parameter line 814
Run replication 49 for parameter line 814
Run replication 50 for parameter line 814
Run parameter line 815
Run replication 1 for parameter line 815
Run replication 2 for parameter line 815
Run replication 3 for parameter line 815
Run replication 4 for parameter line 815
Run replication 5 for parameter line 815
Run replication 6 for parameter line 815
Run replication 7 for parameter line 815
Run replication 8 for parameter line 815
Run replication 9 for parameter line 815
Run replication 10 for parameter line 815
Run replication 11 for parameter line 815
Run replication 12 for parameter line 815
Run replication 13 for parameter line 815
Run replication 14 for parameter line 815
Run replication 15 for parameter line 815
Run replication 16 for parameter line 815
Run replication 17 for parameter line 815
Run replication 18 for parameter line 815
Run replication 19 for parameter line 815
Run replication 20 for parameter line 815
Run replication 21 for parameter line 815
Run replication 22 for parameter line 815
Run replication 23 for parameter line 815
Run replication 24 for parameter line 815
Run replication 25 for parameter line 815
Run replication 26 for parameter line 815
Run replication 27 for parameter line 815
Run replication 28 for parameter line 815
Run replication 29 for parameter line 815
Run replication 30 for parameter line 815
Run replication 31 for parameter line 815
Run replication 32 for parameter line 815
Run replication 33 for parameter line 815
Run replication 34 for parameter line 815
Run replication 35 for parameter line 815
Run replication 36 for parameter line 815
Run replication 37 for parameter line 815
Run replication 38 for parameter line 815
Run replication 39 for parameter line 815
Run replication 40 for parameter line 815
Run replication 41 for parameter line 815
Run replication 42 for parameter line 815
Run replication 43 for parameter line 815
Run replication 44 for parameter line 815
Run replication 45 for parameter line 815
Run replication 46 for parameter line 815
Run replication 47 for parameter line 815
Run replication 48 for parameter line 815
Run replication 49 for parameter line 815
Run replication 50 for parameter line 815
Run parameter line 816
Run replication 1 for parameter line 816
Run replication 2 for parameter line 816
Run replication 3 for parameter line 816
Run replication 4 for parameter line 816
Run replication 5 for parameter line 816
Run replication 6 for parameter line 816
Run replication 7 for parameter line 816
Run replication 8 for parameter line 816
Run replication 9 for parameter line 816
Run replication 10 for parameter line 816
Run replication 11 for parameter line 816
Run replication 12 for parameter line 816
Run replication 13 for parameter line 816
Run replication 14 for parameter line 816
Run replication 15 for parameter line 816
Run replication 16 for parameter line 816
Run replication 17 for parameter line 816
Run replication 18 for parameter line 816
Run replication 19 for parameter line 816
Run replication 20 for parameter line 816
Run replication 21 for parameter line 816
Run replication 22 for parameter line 816
Run replication 23 for parameter line 816
Run replication 24 for parameter line 816
Run replication 25 for parameter line 816
Run replication 26 for parameter line 816
Run replication 27 for parameter line 816
Run replication 28 for parameter line 816
Run replication 29 for parameter line 816
Run replication 30 for parameter line 816
Run replication 31 for parameter line 816
Run replication 32 for parameter line 816
Run replication 33 for parameter line 816
Run replication 34 for parameter line 816
Run replication 35 for parameter line 816
Run replication 36 for parameter line 816
Run replication 37 for parameter line 816
Run replication 38 for parameter line 816
Run replication 39 for parameter line 816
Run replication 40 for parameter line 816
Run replication 41 for parameter line 816
Run replication 42 for parameter line 816
Run replication 43 for parameter line 816
Run replication 44 for parameter line 816
Run replication 45 for parameter line 816
Run replication 46 for parameter line 816
Run replication 47 for parameter line 816
Run replication 48 for parameter line 816
Run replication 49 for parameter line 816
Run replication 50 for parameter line 816
Run parameter line 817
Run replication 1 for parameter line 817
Run replication 2 for parameter line 817
Run replication 3 for parameter line 817
Run replication 4 for parameter line 817
Run replication 5 for parameter line 817
Run replication 6 for parameter line 817
Run replication 7 for parameter line 817
Run replication 8 for parameter line 817
Run replication 9 for parameter line 817
Run replication 10 for parameter line 817
Run replication 11 for parameter line 817
Run replication 12 for parameter line 817
Run replication 13 for parameter line 817
Run replication 14 for parameter line 817
Run replication 15 for parameter line 817
Run replication 16 for parameter line 817
Run replication 17 for parameter line 817
Run replication 18 for parameter line 817
Run replication 19 for parameter line 817
Run replication 20 for parameter line 817
Run replication 21 for parameter line 817
Run replication 22 for parameter line 817
Run replication 23 for parameter line 817
Run replication 24 for parameter line 817
Run replication 25 for parameter line 817
Run replication 26 for parameter line 817
Run replication 27 for parameter line 817
Run replication 28 for parameter line 817
Run replication 29 for parameter line 817
Run replication 30 for parameter line 817
Run replication 31 for parameter line 817
Run replication 32 for parameter line 817
Run replication 33 for parameter line 817
Run replication 34 for parameter line 817
Run replication 35 for parameter line 817
Run replication 36 for parameter line 817
Run replication 37 for parameter line 817
Run replication 38 for parameter line 817
Run replication 39 for parameter line 817
Run replication 40 for parameter line 817
Run replication 41 for parameter line 817
Run replication 42 for parameter line 817
Run replication 43 for parameter line 817
Run replication 44 for parameter line 817
Run replication 45 for parameter line 817
Run replication 46 for parameter line 817
Run replication 47 for parameter line 817
Run replication 48 for parameter line 817
Run replication 49 for parameter line 817
Run replication 50 for parameter line 817
Run parameter line 818
Run replication 1 for parameter line 818
Run replication 2 for parameter line 818
Run replication 3 for parameter line 818
Run replication 4 for parameter line 818
Run replication 5 for parameter line 818
Run replication 6 for parameter line 818
Run replication 7 for parameter line 818
Run replication 8 for parameter line 818
Run replication 9 for parameter line 818
Run replication 10 for parameter line 818
Run replication 11 for parameter line 818
Run replication 12 for parameter line 818
Run replication 13 for parameter line 818
Run replication 14 for parameter line 818
Run replication 15 for parameter line 818
Run replication 16 for parameter line 818
Run replication 17 for parameter line 818
Run replication 18 for parameter line 818
Run replication 19 for parameter line 818
Run replication 20 for parameter line 818
Run replication 21 for parameter line 818
Run replication 22 for parameter line 818
Run replication 23 for parameter line 818
Run replication 24 for parameter line 818
Run replication 25 for parameter line 818
Run replication 26 for parameter line 818
Run replication 27 for parameter line 818
Run replication 28 for parameter line 818
Run replication 29 for parameter line 818
Run replication 30 for parameter line 818
Run replication 31 for parameter line 818
Run replication 32 for parameter line 818
Run replication 33 for parameter line 818
Run replication 34 for parameter line 818
Run replication 35 for parameter line 818
Run replication 36 for parameter line 818
Run replication 37 for parameter line 818
Run replication 38 for parameter line 818
Run replication 39 for parameter line 818
Run replication 40 for parameter line 818
Run replication 41 for parameter line 818
Run replication 42 for parameter line 818
Run replication 43 for parameter line 818
Run replication 44 for parameter line 818
Run replication 45 for parameter line 818
Run replication 46 for parameter line 818
Run replication 47 for parameter line 818
Run replication 48 for parameter line 818
Run replication 49 for parameter line 818
Run replication 50 for parameter line 818
Run parameter line 819
Run replication 1 for parameter line 819
Run replication 2 for parameter line 819
Run replication 3 for parameter line 819
Run replication 4 for parameter line 819
Run replication 5 for parameter line 819
Run replication 6 for parameter line 819
Run replication 7 for parameter line 819
Run replication 8 for parameter line 819
Run replication 9 for parameter line 819
Run replication 10 for parameter line 819
Run replication 11 for parameter line 819
Run replication 12 for parameter line 819
Run replication 13 for parameter line 819
Run replication 14 for parameter line 819
Run replication 15 for parameter line 819
Run replication 16 for parameter line 819
Run replication 17 for parameter line 819
Run replication 18 for parameter line 819
Run replication 19 for parameter line 819
Run replication 20 for parameter line 819
Run replication 21 for parameter line 819
Run replication 22 for parameter line 819
Run replication 23 for parameter line 819
Run replication 24 for parameter line 819
Run replication 25 for parameter line 819
Run replication 26 for parameter line 819
Run replication 27 for parameter line 819
Run replication 28 for parameter line 819
Run replication 29 for parameter line 819
Run replication 30 for parameter line 819
Run replication 31 for parameter line 819
Run replication 32 for parameter line 819
Run replication 33 for parameter line 819
Run replication 34 for parameter line 819
Run replication 35 for parameter line 819
Run replication 36 for parameter line 819
Run replication 37 for parameter line 819
Run replication 38 for parameter line 819
Run replication 39 for parameter line 819
Run replication 40 for parameter line 819
Run replication 41 for parameter line 819
Run replication 42 for parameter line 819
Run replication 43 for parameter line 819
Run replication 44 for parameter line 819
Run replication 45 for parameter line 819
Run replication 46 for parameter line 819
Run replication 47 for parameter line 819
Run replication 48 for parameter line 819
Run replication 49 for parameter line 819
Run replication 50 for parameter line 819
Run parameter line 820
Run replication 1 for parameter line 820
Run replication 2 for parameter line 820
Run replication 3 for parameter line 820
Run replication 4 for parameter line 820
Run replication 5 for parameter line 820
Run replication 6 for parameter line 820
Run replication 7 for parameter line 820
Run replication 8 for parameter line 820
Run replication 9 for parameter line 820
Run replication 10 for parameter line 820
Run replication 11 for parameter line 820
Run replication 12 for parameter line 820
Run replication 13 for parameter line 820
Run replication 14 for parameter line 820
Run replication 15 for parameter line 820
Run replication 16 for parameter line 820
Run replication 17 for parameter line 820
Run replication 18 for parameter line 820
Run replication 19 for parameter line 820
Run replication 20 for parameter line 820
Run replication 21 for parameter line 820
Run replication 22 for parameter line 820
Run replication 23 for parameter line 820
Run replication 24 for parameter line 820
Run replication 25 for parameter line 820
Run replication 26 for parameter line 820
Run replication 27 for parameter line 820
Run replication 28 for parameter line 820
Run replication 29 for parameter line 820
Run replication 30 for parameter line 820
Run replication 31 for parameter line 820
Run replication 32 for parameter line 820
Run replication 33 for parameter line 820
Run replication 34 for parameter line 820
Run replication 35 for parameter line 820
Run replication 36 for parameter line 820
Run replication 37 for parameter line 820
Run replication 38 for parameter line 820
Run replication 39 for parameter line 820
Run replication 40 for parameter line 820
Run replication 41 for parameter line 820
Run replication 42 for parameter line 820
Run replication 43 for parameter line 820
Run replication 44 for parameter line 820
Run replication 45 for parameter line 820
Run replication 46 for parameter line 820
Run replication 47 for parameter line 820
Run replication 48 for parameter line 820
Run replication 49 for parameter line 820
Run replication 50 for parameter line 820
Constructing output.
