Task Arguments: 
JobId = b39b5048-de15-4e3c-91fb-abb2c8dac81e
TaskId = 283
JobPrep Working Dir = /mnt/batch/tasks/workitems/b39b5048-de15-4e3c-91fb-abb2c8dac81e/job-1/jobpreparation/wd
Task Working Dir = /mnt/batch/tasks/workitems/b39b5048-de15-4e3c-91fb-abb2c8dac81e/job-1/283/wd
Shared Dir = /mnt/batch/tasks/shared
My ID is: 283
Running from: 2831
Running to: 2840
Copying and unpacking model files to working directory
Run parameter line 2831
Run replication 1 for parameter line 2831
Run replication 2 for parameter line 2831
Run replication 3 for parameter line 2831
Run replication 4 for parameter line 2831
Run replication 5 for parameter line 2831
Run replication 6 for parameter line 2831
Run replication 7 for parameter line 2831
Run replication 8 for parameter line 2831
Run replication 9 for parameter line 2831
Run replication 10 for parameter line 2831
Run replication 11 for parameter line 2831
Run replication 12 for parameter line 2831
Run replication 13 for parameter line 2831
Run replication 14 for parameter line 2831
Run replication 15 for parameter line 2831
Run replication 16 for parameter line 2831
Run replication 17 for parameter line 2831
Run replication 18 for parameter line 2831
Run replication 19 for parameter line 2831
Run replication 20 for parameter line 2831
Run replication 21 for parameter line 2831
Run replication 22 for parameter line 2831
Run replication 23 for parameter line 2831
Run replication 24 for parameter line 2831
Run replication 25 for parameter line 2831
Run replication 26 for parameter line 2831
Run replication 27 for parameter line 2831
Run replication 28 for parameter line 2831
Run replication 29 for parameter line 2831
Run replication 30 for parameter line 2831
Run replication 31 for parameter line 2831
Run replication 32 for parameter line 2831
Run replication 33 for parameter line 2831
Run replication 34 for parameter line 2831
Run replication 35 for parameter line 2831
Run replication 36 for parameter line 2831
Run replication 37 for parameter line 2831
Run replication 38 for parameter line 2831
Run replication 39 for parameter line 2831
Run replication 40 for parameter line 2831
Run replication 41 for parameter line 2831
Run replication 42 for parameter line 2831
Run replication 43 for parameter line 2831
Run replication 44 for parameter line 2831
Run replication 45 for parameter line 2831
Run replication 46 for parameter line 2831
Run replication 47 for parameter line 2831
Run replication 48 for parameter line 2831
Run replication 49 for parameter line 2831
Run replication 50 for parameter line 2831
Run parameter line 2832
Run replication 1 for parameter line 2832
Run replication 2 for parameter line 2832
Run replication 3 for parameter line 2832
Run replication 4 for parameter line 2832
Run replication 5 for parameter line 2832
Run replication 6 for parameter line 2832
Run replication 7 for parameter line 2832
Run replication 8 for parameter line 2832
Run replication 9 for parameter line 2832
Run replication 10 for parameter line 2832
Run replication 11 for parameter line 2832
Run replication 12 for parameter line 2832
Run replication 13 for parameter line 2832
Run replication 14 for parameter line 2832
Run replication 15 for parameter line 2832
Run replication 16 for parameter line 2832
Run replication 17 for parameter line 2832
Run replication 18 for parameter line 2832
Run replication 19 for parameter line 2832
Run replication 20 for parameter line 2832
Run replication 21 for parameter line 2832
Run replication 22 for parameter line 2832
Run replication 23 for parameter line 2832
Run replication 24 for parameter line 2832
Run replication 25 for parameter line 2832
Run replication 26 for parameter line 2832
Run replication 27 for parameter line 2832
Run replication 28 for parameter line 2832
Run replication 29 for parameter line 2832
Run replication 30 for parameter line 2832
Run replication 31 for parameter line 2832
Run replication 32 for parameter line 2832
Run replication 33 for parameter line 2832
Run replication 34 for parameter line 2832
Run replication 35 for parameter line 2832
Run replication 36 for parameter line 2832
Run replication 37 for parameter line 2832
Run replication 38 for parameter line 2832
Run replication 39 for parameter line 2832
Run replication 40 for parameter line 2832
Run replication 41 for parameter line 2832
Run replication 42 for parameter line 2832
Run replication 43 for parameter line 2832
Run replication 44 for parameter line 2832
Run replication 45 for parameter line 2832
Run replication 46 for parameter line 2832
Run replication 47 for parameter line 2832
Run replication 48 for parameter line 2832
Run replication 49 for parameter line 2832
Run replication 50 for parameter line 2832
Run parameter line 2833
Run replication 1 for parameter line 2833
Run replication 2 for parameter line 2833
Run replication 3 for parameter line 2833
Run replication 4 for parameter line 2833
Run replication 5 for parameter line 2833
Run replication 6 for parameter line 2833
Run replication 7 for parameter line 2833
Run replication 8 for parameter line 2833
Run replication 9 for parameter line 2833
Run replication 10 for parameter line 2833
Run replication 11 for parameter line 2833
Run replication 12 for parameter line 2833
Run replication 13 for parameter line 2833
Run replication 14 for parameter line 2833
Run replication 15 for parameter line 2833
Run replication 16 for parameter line 2833
Run replication 17 for parameter line 2833
Run replication 18 for parameter line 2833
Run replication 19 for parameter line 2833
Run replication 20 for parameter line 2833
Run replication 21 for parameter line 2833
Run replication 22 for parameter line 2833
Run replication 23 for parameter line 2833
Run replication 24 for parameter line 2833
Run replication 25 for parameter line 2833
Run replication 26 for parameter line 2833
Run replication 27 for parameter line 2833
Run replication 28 for parameter line 2833
Run replication 29 for parameter line 2833
Run replication 30 for parameter line 2833
Run replication 31 for parameter line 2833
Run replication 32 for parameter line 2833
Run replication 33 for parameter line 2833
Run replication 34 for parameter line 2833
Run replication 35 for parameter line 2833
Run replication 36 for parameter line 2833
Run replication 37 for parameter line 2833
Run replication 38 for parameter line 2833
Run replication 39 for parameter line 2833
Run replication 40 for parameter line 2833
Run replication 41 for parameter line 2833
Run replication 42 for parameter line 2833
Run replication 43 for parameter line 2833
Run replication 44 for parameter line 2833
Run replication 45 for parameter line 2833
Run replication 46 for parameter line 2833
Run replication 47 for parameter line 2833
Run replication 48 for parameter line 2833
Run replication 49 for parameter line 2833
Run replication 50 for parameter line 2833
Run parameter line 2834
Run replication 1 for parameter line 2834
Run replication 2 for parameter line 2834
Run replication 3 for parameter line 2834
Run replication 4 for parameter line 2834
Run replication 5 for parameter line 2834
Run replication 6 for parameter line 2834
Run replication 7 for parameter line 2834
Run replication 8 for parameter line 2834
Run replication 9 for parameter line 2834
Run replication 10 for parameter line 2834
Run replication 11 for parameter line 2834
Run replication 12 for parameter line 2834
Run replication 13 for parameter line 2834
Run replication 14 for parameter line 2834
Run replication 15 for parameter line 2834
Run replication 16 for parameter line 2834
Run replication 17 for parameter line 2834
Run replication 18 for parameter line 2834
Run replication 19 for parameter line 2834
Run replication 20 for parameter line 2834
Run replication 21 for parameter line 2834
Run replication 22 for parameter line 2834
Run replication 23 for parameter line 2834
Run replication 24 for parameter line 2834
Run replication 25 for parameter line 2834
Run replication 26 for parameter line 2834
Run replication 27 for parameter line 2834
Run replication 28 for parameter line 2834
Run replication 29 for parameter line 2834
Run replication 30 for parameter line 2834
Run replication 31 for parameter line 2834
Run replication 32 for parameter line 2834
Run replication 33 for parameter line 2834
Run replication 34 for parameter line 2834
Run replication 35 for parameter line 2834
Run replication 36 for parameter line 2834
Run replication 37 for parameter line 2834
Run replication 38 for parameter line 2834
Run replication 39 for parameter line 2834
Run replication 40 for parameter line 2834
Run replication 41 for parameter line 2834
Run replication 42 for parameter line 2834
Run replication 43 for parameter line 2834
Run replication 44 for parameter line 2834
Run replication 45 for parameter line 2834
Run replication 46 for parameter line 2834
Run replication 47 for parameter line 2834
Run replication 48 for parameter line 2834
Run replication 49 for parameter line 2834
Run replication 50 for parameter line 2834
Run parameter line 2835
Run replication 1 for parameter line 2835
Run replication 2 for parameter line 2835
Run replication 3 for parameter line 2835
Run replication 4 for parameter line 2835
Run replication 5 for parameter line 2835
Run replication 6 for parameter line 2835
Run replication 7 for parameter line 2835
Run replication 8 for parameter line 2835
Run replication 9 for parameter line 2835
Run replication 10 for parameter line 2835
Run replication 11 for parameter line 2835
Run replication 12 for parameter line 2835
Run replication 13 for parameter line 2835
Run replication 14 for parameter line 2835
Run replication 15 for parameter line 2835
Run replication 16 for parameter line 2835
Run replication 17 for parameter line 2835
Run replication 18 for parameter line 2835
Run replication 19 for parameter line 2835
Run replication 20 for parameter line 2835
Run replication 21 for parameter line 2835
Run replication 22 for parameter line 2835
Run replication 23 for parameter line 2835
Run replication 24 for parameter line 2835
Run replication 25 for parameter line 2835
Run replication 26 for parameter line 2835
Run replication 27 for parameter line 2835
Run replication 28 for parameter line 2835
Run replication 29 for parameter line 2835
Run replication 30 for parameter line 2835
Run replication 31 for parameter line 2835
Run replication 32 for parameter line 2835
Run replication 33 for parameter line 2835
Run replication 34 for parameter line 2835
Run replication 35 for parameter line 2835
Run replication 36 for parameter line 2835
Run replication 37 for parameter line 2835
Run replication 38 for parameter line 2835
Run replication 39 for parameter line 2835
Run replication 40 for parameter line 2835
Run replication 41 for parameter line 2835
Run replication 42 for parameter line 2835
Run replication 43 for parameter line 2835
Run replication 44 for parameter line 2835
Run replication 45 for parameter line 2835
Run replication 46 for parameter line 2835
Run replication 47 for parameter line 2835
Run replication 48 for parameter line 2835
Run replication 49 for parameter line 2835
Run replication 50 for parameter line 2835
Run parameter line 2836
Run replication 1 for parameter line 2836
Run replication 2 for parameter line 2836
Run replication 3 for parameter line 2836
Run replication 4 for parameter line 2836
Run replication 5 for parameter line 2836
Run replication 6 for parameter line 2836
Run replication 7 for parameter line 2836
Run replication 8 for parameter line 2836
Run replication 9 for parameter line 2836
Run replication 10 for parameter line 2836
Run replication 11 for parameter line 2836
Run replication 12 for parameter line 2836
Run replication 13 for parameter line 2836
Run replication 14 for parameter line 2836
Run replication 15 for parameter line 2836
Run replication 16 for parameter line 2836
Run replication 17 for parameter line 2836
Run replication 18 for parameter line 2836
Run replication 19 for parameter line 2836
Run replication 20 for parameter line 2836
Run replication 21 for parameter line 2836
Run replication 22 for parameter line 2836
Run replication 23 for parameter line 2836
Run replication 24 for parameter line 2836
Run replication 25 for parameter line 2836
Run replication 26 for parameter line 2836
Run replication 27 for parameter line 2836
Run replication 28 for parameter line 2836
Run replication 29 for parameter line 2836
Run replication 30 for parameter line 2836
Run replication 31 for parameter line 2836
Run replication 32 for parameter line 2836
Run replication 33 for parameter line 2836
Run replication 34 for parameter line 2836
Run replication 35 for parameter line 2836
Run replication 36 for parameter line 2836
Run replication 37 for parameter line 2836
Run replication 38 for parameter line 2836
Run replication 39 for parameter line 2836
Run replication 40 for parameter line 2836
Run replication 41 for parameter line 2836
Run replication 42 for parameter line 2836
Run replication 43 for parameter line 2836
Run replication 44 for parameter line 2836
Run replication 45 for parameter line 2836
Run replication 46 for parameter line 2836
Run replication 47 for parameter line 2836
Run replication 48 for parameter line 2836
Run replication 49 for parameter line 2836
Run replication 50 for parameter line 2836
Run parameter line 2837
Run replication 1 for parameter line 2837
Run replication 2 for parameter line 2837
Run replication 3 for parameter line 2837
Run replication 4 for parameter line 2837
Run replication 5 for parameter line 2837
Run replication 6 for parameter line 2837
Run replication 7 for parameter line 2837
Run replication 8 for parameter line 2837
Run replication 9 for parameter line 2837
Run replication 10 for parameter line 2837
Run replication 11 for parameter line 2837
Run replication 12 for parameter line 2837
Run replication 13 for parameter line 2837
Run replication 14 for parameter line 2837
Run replication 15 for parameter line 2837
Run replication 16 for parameter line 2837
Run replication 17 for parameter line 2837
Run replication 18 for parameter line 2837
Run replication 19 for parameter line 2837
Run replication 20 for parameter line 2837
Run replication 21 for parameter line 2837
Run replication 22 for parameter line 2837
Run replication 23 for parameter line 2837
Run replication 24 for parameter line 2837
Run replication 25 for parameter line 2837
Run replication 26 for parameter line 2837
Run replication 27 for parameter line 2837
Run replication 28 for parameter line 2837
Run replication 29 for parameter line 2837
Run replication 30 for parameter line 2837
Run replication 31 for parameter line 2837
Run replication 32 for parameter line 2837
Run replication 33 for parameter line 2837
Run replication 34 for parameter line 2837
Run replication 35 for parameter line 2837
Run replication 36 for parameter line 2837
Run replication 37 for parameter line 2837
Run replication 38 for parameter line 2837
Run replication 39 for parameter line 2837
Run replication 40 for parameter line 2837
Run replication 41 for parameter line 2837
Run replication 42 for parameter line 2837
Run replication 43 for parameter line 2837
Run replication 44 for parameter line 2837
Run replication 45 for parameter line 2837
Run replication 46 for parameter line 2837
Run replication 47 for parameter line 2837
Run replication 48 for parameter line 2837
Run replication 49 for parameter line 2837
Run replication 50 for parameter line 2837
Run parameter line 2838
Run replication 1 for parameter line 2838
Run replication 2 for parameter line 2838
Run replication 3 for parameter line 2838
Run replication 4 for parameter line 2838
Run replication 5 for parameter line 2838
Run replication 6 for parameter line 2838
Run replication 7 for parameter line 2838
Run replication 8 for parameter line 2838
Run replication 9 for parameter line 2838
Run replication 10 for parameter line 2838
Run replication 11 for parameter line 2838
Run replication 12 for parameter line 2838
Run replication 13 for parameter line 2838
Run replication 14 for parameter line 2838
Run replication 15 for parameter line 2838
Run replication 16 for parameter line 2838
Run replication 17 for parameter line 2838
Run replication 18 for parameter line 2838
Run replication 19 for parameter line 2838
Run replication 20 for parameter line 2838
Run replication 21 for parameter line 2838
Run replication 22 for parameter line 2838
Run replication 23 for parameter line 2838
Run replication 24 for parameter line 2838
Run replication 25 for parameter line 2838
Run replication 26 for parameter line 2838
Run replication 27 for parameter line 2838
Run replication 28 for parameter line 2838
Run replication 29 for parameter line 2838
Run replication 30 for parameter line 2838
Run replication 31 for parameter line 2838
Run replication 32 for parameter line 2838
Run replication 33 for parameter line 2838
Run replication 34 for parameter line 2838
Run replication 35 for parameter line 2838
Run replication 36 for parameter line 2838
Run replication 37 for parameter line 2838
Run replication 38 for parameter line 2838
Run replication 39 for parameter line 2838
Run replication 40 for parameter line 2838
Run replication 41 for parameter line 2838
Run replication 42 for parameter line 2838
Run replication 43 for parameter line 2838
Run replication 44 for parameter line 2838
Run replication 45 for parameter line 2838
Run replication 46 for parameter line 2838
Run replication 47 for parameter line 2838
Run replication 48 for parameter line 2838
Run replication 49 for parameter line 2838
Run replication 50 for parameter line 2838
Run parameter line 2839
Run replication 1 for parameter line 2839
Run replication 2 for parameter line 2839
Run replication 3 for parameter line 2839
Run replication 4 for parameter line 2839
Run replication 5 for parameter line 2839
Run replication 6 for parameter line 2839
Run replication 7 for parameter line 2839
Run replication 8 for parameter line 2839
Run replication 9 for parameter line 2839
Run replication 10 for parameter line 2839
Run replication 11 for parameter line 2839
Run replication 12 for parameter line 2839
Run replication 13 for parameter line 2839
Run replication 14 for parameter line 2839
Run replication 15 for parameter line 2839
Run replication 16 for parameter line 2839
Run replication 17 for parameter line 2839
Run replication 18 for parameter line 2839
Run replication 19 for parameter line 2839
Run replication 20 for parameter line 2839
Run replication 21 for parameter line 2839
Run replication 22 for parameter line 2839
Run replication 23 for parameter line 2839
Run replication 24 for parameter line 2839
Run replication 25 for parameter line 2839
Run replication 26 for parameter line 2839
Run replication 27 for parameter line 2839
Run replication 28 for parameter line 2839
Run replication 29 for parameter line 2839
Run replication 30 for parameter line 2839
Run replication 31 for parameter line 2839
Run replication 32 for parameter line 2839
Run replication 33 for parameter line 2839
Run replication 34 for parameter line 2839
Run replication 35 for parameter line 2839
Run replication 36 for parameter line 2839
Run replication 37 for parameter line 2839
Run replication 38 for parameter line 2839
Run replication 39 for parameter line 2839
Run replication 40 for parameter line 2839
Run replication 41 for parameter line 2839
Run replication 42 for parameter line 2839
Run replication 43 for parameter line 2839
Run replication 44 for parameter line 2839
Run replication 45 for parameter line 2839
Run replication 46 for parameter line 2839
Run replication 47 for parameter line 2839
Run replication 48 for parameter line 2839
Run replication 49 for parameter line 2839
Run replication 50 for parameter line 2839
Run parameter line 2840
Run replication 1 for parameter line 2840
Run replication 2 for parameter line 2840
Run replication 3 for parameter line 2840
Run replication 4 for parameter line 2840
Run replication 5 for parameter line 2840
Run replication 6 for parameter line 2840
Run replication 7 for parameter line 2840
Run replication 8 for parameter line 2840
Run replication 9 for parameter line 2840
Run replication 10 for parameter line 2840
Run replication 11 for parameter line 2840
Run replication 12 for parameter line 2840
Run replication 13 for parameter line 2840
Run replication 14 for parameter line 2840
Run replication 15 for parameter line 2840
Run replication 16 for parameter line 2840
Run replication 17 for parameter line 2840
Run replication 18 for parameter line 2840
Run replication 19 for parameter line 2840
Run replication 20 for parameter line 2840
Run replication 21 for parameter line 2840
Run replication 22 for parameter line 2840
Run replication 23 for parameter line 2840
Run replication 24 for parameter line 2840
Run replication 25 for parameter line 2840
Run replication 26 for parameter line 2840
Run replication 27 for parameter line 2840
Run replication 28 for parameter line 2840
Run replication 29 for parameter line 2840
Run replication 30 for parameter line 2840
Run replication 31 for parameter line 2840
Run replication 32 for parameter line 2840
Run replication 33 for parameter line 2840
Run replication 34 for parameter line 2840
Run replication 35 for parameter line 2840
Run replication 36 for parameter line 2840
Run replication 37 for parameter line 2840
Run replication 38 for parameter line 2840
Run replication 39 for parameter line 2840
Run replication 40 for parameter line 2840
Run replication 41 for parameter line 2840
Run replication 42 for parameter line 2840
Run replication 43 for parameter line 2840
Run replication 44 for parameter line 2840
Run replication 45 for parameter line 2840
Run replication 46 for parameter line 2840
Run replication 47 for parameter line 2840
Run replication 48 for parameter line 2840
Run replication 49 for parameter line 2840
Run replication 50 for parameter line 2840
Constructing output.
