Task Arguments: 
JobId = b39b5048-de15-4e3c-91fb-abb2c8dac81e
TaskId = 168
JobPrep Working Dir = /mnt/batch/tasks/workitems/b39b5048-de15-4e3c-91fb-abb2c8dac81e/job-1/jobpreparation/wd
Task Working Dir = /mnt/batch/tasks/workitems/b39b5048-de15-4e3c-91fb-abb2c8dac81e/job-1/168/wd
Shared Dir = /mnt/batch/tasks/shared
My ID is: 168
Running from: 1681
Running to: 1690
Copying and unpacking model files to working directory
Run parameter line 1681
Run replication 1 for parameter line 1681
Run replication 2 for parameter line 1681
Run replication 3 for parameter line 1681
Run replication 4 for parameter line 1681
Run replication 5 for parameter line 1681
Run replication 6 for parameter line 1681
Run replication 7 for parameter line 1681
Run replication 8 for parameter line 1681
Run replication 9 for parameter line 1681
Run replication 10 for parameter line 1681
Run replication 11 for parameter line 1681
Run replication 12 for parameter line 1681
Run replication 13 for parameter line 1681
Run replication 14 for parameter line 1681
Run replication 15 for parameter line 1681
Run replication 16 for parameter line 1681
Run replication 17 for parameter line 1681
Run replication 18 for parameter line 1681
Run replication 19 for parameter line 1681
Run replication 20 for parameter line 1681
Run replication 21 for parameter line 1681
Run replication 22 for parameter line 1681
Run replication 23 for parameter line 1681
Run replication 24 for parameter line 1681
Run replication 25 for parameter line 1681
Run replication 26 for parameter line 1681
Run replication 27 for parameter line 1681
Run replication 28 for parameter line 1681
Run replication 29 for parameter line 1681
Run replication 30 for parameter line 1681
Run replication 31 for parameter line 1681
Run replication 32 for parameter line 1681
Run replication 33 for parameter line 1681
Run replication 34 for parameter line 1681
Run replication 35 for parameter line 1681
Run replication 36 for parameter line 1681
Run replication 37 for parameter line 1681
Run replication 38 for parameter line 1681
Run replication 39 for parameter line 1681
Run replication 40 for parameter line 1681
Run replication 41 for parameter line 1681
Run replication 42 for parameter line 1681
Run replication 43 for parameter line 1681
Run replication 44 for parameter line 1681
Run replication 45 for parameter line 1681
Run replication 46 for parameter line 1681
Run replication 47 for parameter line 1681
Run replication 48 for parameter line 1681
Run replication 49 for parameter line 1681
Run replication 50 for parameter line 1681
Run parameter line 1682
Run replication 1 for parameter line 1682
Run replication 2 for parameter line 1682
Run replication 3 for parameter line 1682
Run replication 4 for parameter line 1682
Run replication 5 for parameter line 1682
Run replication 6 for parameter line 1682
Run replication 7 for parameter line 1682
Run replication 8 for parameter line 1682
Run replication 9 for parameter line 1682
Run replication 10 for parameter line 1682
Run replication 11 for parameter line 1682
Run replication 12 for parameter line 1682
Run replication 13 for parameter line 1682
Run replication 14 for parameter line 1682
Run replication 15 for parameter line 1682
Run replication 16 for parameter line 1682
Run replication 17 for parameter line 1682
Run replication 18 for parameter line 1682
Run replication 19 for parameter line 1682
Run replication 20 for parameter line 1682
Run replication 21 for parameter line 1682
Run replication 22 for parameter line 1682
Run replication 23 for parameter line 1682
Run replication 24 for parameter line 1682
Run replication 25 for parameter line 1682
Run replication 26 for parameter line 1682
Run replication 27 for parameter line 1682
Run replication 28 for parameter line 1682
Run replication 29 for parameter line 1682
Run replication 30 for parameter line 1682
Run replication 31 for parameter line 1682
Run replication 32 for parameter line 1682
Run replication 33 for parameter line 1682
Run replication 34 for parameter line 1682
Run replication 35 for parameter line 1682
Run replication 36 for parameter line 1682
Run replication 37 for parameter line 1682
Run replication 38 for parameter line 1682
Run replication 39 for parameter line 1682
Run replication 40 for parameter line 1682
Run replication 41 for parameter line 1682
Run replication 42 for parameter line 1682
Run replication 43 for parameter line 1682
Run replication 44 for parameter line 1682
Run replication 45 for parameter line 1682
Run replication 46 for parameter line 1682
Run replication 47 for parameter line 1682
Run replication 48 for parameter line 1682
Run replication 49 for parameter line 1682
Run replication 50 for parameter line 1682
Run parameter line 1683
Run replication 1 for parameter line 1683
Run replication 2 for parameter line 1683
Run replication 3 for parameter line 1683
Run replication 4 for parameter line 1683
Run replication 5 for parameter line 1683
Run replication 6 for parameter line 1683
Run replication 7 for parameter line 1683
Run replication 8 for parameter line 1683
Run replication 9 for parameter line 1683
Run replication 10 for parameter line 1683
Run replication 11 for parameter line 1683
Run replication 12 for parameter line 1683
Run replication 13 for parameter line 1683
Run replication 14 for parameter line 1683
Run replication 15 for parameter line 1683
Run replication 16 for parameter line 1683
Run replication 17 for parameter line 1683
Run replication 18 for parameter line 1683
Run replication 19 for parameter line 1683
Run replication 20 for parameter line 1683
Run replication 21 for parameter line 1683
Run replication 22 for parameter line 1683
Run replication 23 for parameter line 1683
Run replication 24 for parameter line 1683
Run replication 25 for parameter line 1683
Run replication 26 for parameter line 1683
Run replication 27 for parameter line 1683
Run replication 28 for parameter line 1683
Run replication 29 for parameter line 1683
Run replication 30 for parameter line 1683
Run replication 31 for parameter line 1683
Run replication 32 for parameter line 1683
Run replication 33 for parameter line 1683
Run replication 34 for parameter line 1683
Run replication 35 for parameter line 1683
Run replication 36 for parameter line 1683
Run replication 37 for parameter line 1683
Run replication 38 for parameter line 1683
Run replication 39 for parameter line 1683
Run replication 40 for parameter line 1683
Run replication 41 for parameter line 1683
Run replication 42 for parameter line 1683
Run replication 43 for parameter line 1683
Run replication 44 for parameter line 1683
Run replication 45 for parameter line 1683
Run replication 46 for parameter line 1683
Run replication 47 for parameter line 1683
Run replication 48 for parameter line 1683
Run replication 49 for parameter line 1683
Run replication 50 for parameter line 1683
Run parameter line 1684
Run replication 1 for parameter line 1684
Run replication 2 for parameter line 1684
Run replication 3 for parameter line 1684
Run replication 4 for parameter line 1684
Run replication 5 for parameter line 1684
Run replication 6 for parameter line 1684
Run replication 7 for parameter line 1684
Run replication 8 for parameter line 1684
Run replication 9 for parameter line 1684
Run replication 10 for parameter line 1684
Run replication 11 for parameter line 1684
Run replication 12 for parameter line 1684
Run replication 13 for parameter line 1684
Run replication 14 for parameter line 1684
Run replication 15 for parameter line 1684
Run replication 16 for parameter line 1684
Run replication 17 for parameter line 1684
Run replication 18 for parameter line 1684
Run replication 19 for parameter line 1684
Run replication 20 for parameter line 1684
Run replication 21 for parameter line 1684
Run replication 22 for parameter line 1684
Run replication 23 for parameter line 1684
Run replication 24 for parameter line 1684
Run replication 25 for parameter line 1684
Run replication 26 for parameter line 1684
Run replication 27 for parameter line 1684
Run replication 28 for parameter line 1684
Run replication 29 for parameter line 1684
Run replication 30 for parameter line 1684
Run replication 31 for parameter line 1684
Run replication 32 for parameter line 1684
Run replication 33 for parameter line 1684
Run replication 34 for parameter line 1684
Run replication 35 for parameter line 1684
Run replication 36 for parameter line 1684
Run replication 37 for parameter line 1684
Run replication 38 for parameter line 1684
Run replication 39 for parameter line 1684
Run replication 40 for parameter line 1684
Run replication 41 for parameter line 1684
Run replication 42 for parameter line 1684
Run replication 43 for parameter line 1684
Run replication 44 for parameter line 1684
Run replication 45 for parameter line 1684
Run replication 46 for parameter line 1684
Run replication 47 for parameter line 1684
Run replication 48 for parameter line 1684
Run replication 49 for parameter line 1684
Run replication 50 for parameter line 1684
Run parameter line 1685
Run replication 1 for parameter line 1685
Run replication 2 for parameter line 1685
Run replication 3 for parameter line 1685
Run replication 4 for parameter line 1685
Run replication 5 for parameter line 1685
Run replication 6 for parameter line 1685
Run replication 7 for parameter line 1685
Run replication 8 for parameter line 1685
Run replication 9 for parameter line 1685
Run replication 10 for parameter line 1685
Run replication 11 for parameter line 1685
Run replication 12 for parameter line 1685
Run replication 13 for parameter line 1685
Run replication 14 for parameter line 1685
Run replication 15 for parameter line 1685
Run replication 16 for parameter line 1685
Run replication 17 for parameter line 1685
Run replication 18 for parameter line 1685
Run replication 19 for parameter line 1685
Run replication 20 for parameter line 1685
Run replication 21 for parameter line 1685
Run replication 22 for parameter line 1685
Run replication 23 for parameter line 1685
Run replication 24 for parameter line 1685
Run replication 25 for parameter line 1685
Run replication 26 for parameter line 1685
Run replication 27 for parameter line 1685
Run replication 28 for parameter line 1685
Run replication 29 for parameter line 1685
Run replication 30 for parameter line 1685
Run replication 31 for parameter line 1685
Run replication 32 for parameter line 1685
Run replication 33 for parameter line 1685
Run replication 34 for parameter line 1685
Run replication 35 for parameter line 1685
Run replication 36 for parameter line 1685
Run replication 37 for parameter line 1685
Run replication 38 for parameter line 1685
Run replication 39 for parameter line 1685
Run replication 40 for parameter line 1685
Run replication 41 for parameter line 1685
Run replication 42 for parameter line 1685
Run replication 43 for parameter line 1685
Run replication 44 for parameter line 1685
Run replication 45 for parameter line 1685
Run replication 46 for parameter line 1685
Run replication 47 for parameter line 1685
Run replication 48 for parameter line 1685
Run replication 49 for parameter line 1685
Run replication 50 for parameter line 1685
Run parameter line 1686
Run replication 1 for parameter line 1686
Run replication 2 for parameter line 1686
Run replication 3 for parameter line 1686
Run replication 4 for parameter line 1686
Run replication 5 for parameter line 1686
Run replication 6 for parameter line 1686
Run replication 7 for parameter line 1686
Run replication 8 for parameter line 1686
Run replication 9 for parameter line 1686
Run replication 10 for parameter line 1686
Run replication 11 for parameter line 1686
Run replication 12 for parameter line 1686
Run replication 13 for parameter line 1686
Run replication 14 for parameter line 1686
Run replication 15 for parameter line 1686
Run replication 16 for parameter line 1686
Run replication 17 for parameter line 1686
Run replication 18 for parameter line 1686
Run replication 19 for parameter line 1686
Run replication 20 for parameter line 1686
Run replication 21 for parameter line 1686
Run replication 22 for parameter line 1686
Run replication 23 for parameter line 1686
Run replication 24 for parameter line 1686
Run replication 25 for parameter line 1686
Run replication 26 for parameter line 1686
Run replication 27 for parameter line 1686
Run replication 28 for parameter line 1686
Run replication 29 for parameter line 1686
Run replication 30 for parameter line 1686
Run replication 31 for parameter line 1686
Run replication 32 for parameter line 1686
Run replication 33 for parameter line 1686
Run replication 34 for parameter line 1686
Run replication 35 for parameter line 1686
Run replication 36 for parameter line 1686
Run replication 37 for parameter line 1686
Run replication 38 for parameter line 1686
Run replication 39 for parameter line 1686
Run replication 40 for parameter line 1686
Run replication 41 for parameter line 1686
Run replication 42 for parameter line 1686
Run replication 43 for parameter line 1686
Run replication 44 for parameter line 1686
Run replication 45 for parameter line 1686
Run replication 46 for parameter line 1686
Run replication 47 for parameter line 1686
Run replication 48 for parameter line 1686
Run replication 49 for parameter line 1686
Run replication 50 for parameter line 1686
Run parameter line 1687
Run replication 1 for parameter line 1687
Run replication 2 for parameter line 1687
Run replication 3 for parameter line 1687
Run replication 4 for parameter line 1687
Run replication 5 for parameter line 1687
Run replication 6 for parameter line 1687
Run replication 7 for parameter line 1687
Run replication 8 for parameter line 1687
Run replication 9 for parameter line 1687
Run replication 10 for parameter line 1687
Run replication 11 for parameter line 1687
Run replication 12 for parameter line 1687
Run replication 13 for parameter line 1687
Run replication 14 for parameter line 1687
Run replication 15 for parameter line 1687
Run replication 16 for parameter line 1687
Run replication 17 for parameter line 1687
Run replication 18 for parameter line 1687
Run replication 19 for parameter line 1687
Run replication 20 for parameter line 1687
Run replication 21 for parameter line 1687
Run replication 22 for parameter line 1687
Run replication 23 for parameter line 1687
Run replication 24 for parameter line 1687
Run replication 25 for parameter line 1687
Run replication 26 for parameter line 1687
Run replication 27 for parameter line 1687
Run replication 28 for parameter line 1687
Run replication 29 for parameter line 1687
Run replication 30 for parameter line 1687
Run replication 31 for parameter line 1687
Run replication 32 for parameter line 1687
Run replication 33 for parameter line 1687
Run replication 34 for parameter line 1687
Run replication 35 for parameter line 1687
Run replication 36 for parameter line 1687
Run replication 37 for parameter line 1687
Run replication 38 for parameter line 1687
Run replication 39 for parameter line 1687
Run replication 40 for parameter line 1687
Run replication 41 for parameter line 1687
Run replication 42 for parameter line 1687
Run replication 43 for parameter line 1687
Run replication 44 for parameter line 1687
Run replication 45 for parameter line 1687
Run replication 46 for parameter line 1687
Run replication 47 for parameter line 1687
Run replication 48 for parameter line 1687
Run replication 49 for parameter line 1687
Run replication 50 for parameter line 1687
Run parameter line 1688
Run replication 1 for parameter line 1688
Run replication 2 for parameter line 1688
Run replication 3 for parameter line 1688
Run replication 4 for parameter line 1688
Run replication 5 for parameter line 1688
Run replication 6 for parameter line 1688
Run replication 7 for parameter line 1688
Run replication 8 for parameter line 1688
Run replication 9 for parameter line 1688
Run replication 10 for parameter line 1688
Run replication 11 for parameter line 1688
Run replication 12 for parameter line 1688
Run replication 13 for parameter line 1688
Run replication 14 for parameter line 1688
Run replication 15 for parameter line 1688
Run replication 16 for parameter line 1688
Run replication 17 for parameter line 1688
Run replication 18 for parameter line 1688
Run replication 19 for parameter line 1688
Run replication 20 for parameter line 1688
Run replication 21 for parameter line 1688
Run replication 22 for parameter line 1688
Run replication 23 for parameter line 1688
Run replication 24 for parameter line 1688
Run replication 25 for parameter line 1688
Run replication 26 for parameter line 1688
Run replication 27 for parameter line 1688
Run replication 28 for parameter line 1688
Run replication 29 for parameter line 1688
Run replication 30 for parameter line 1688
Run replication 31 for parameter line 1688
Run replication 32 for parameter line 1688
Run replication 33 for parameter line 1688
Run replication 34 for parameter line 1688
Run replication 35 for parameter line 1688
Run replication 36 for parameter line 1688
Run replication 37 for parameter line 1688
Run replication 38 for parameter line 1688
Run replication 39 for parameter line 1688
Run replication 40 for parameter line 1688
Run replication 41 for parameter line 1688
Run replication 42 for parameter line 1688
Run replication 43 for parameter line 1688
Run replication 44 for parameter line 1688
Run replication 45 for parameter line 1688
Run replication 46 for parameter line 1688
Run replication 47 for parameter line 1688
Run replication 48 for parameter line 1688
Run replication 49 for parameter line 1688
Run replication 50 for parameter line 1688
Run parameter line 1689
Run replication 1 for parameter line 1689
Run replication 2 for parameter line 1689
Run replication 3 for parameter line 1689
Run replication 4 for parameter line 1689
Run replication 5 for parameter line 1689
Run replication 6 for parameter line 1689
Run replication 7 for parameter line 1689
Run replication 8 for parameter line 1689
Run replication 9 for parameter line 1689
Run replication 10 for parameter line 1689
Run replication 11 for parameter line 1689
Run replication 12 for parameter line 1689
Run replication 13 for parameter line 1689
Run replication 14 for parameter line 1689
Run replication 15 for parameter line 1689
Run replication 16 for parameter line 1689
Run replication 17 for parameter line 1689
Run replication 18 for parameter line 1689
Run replication 19 for parameter line 1689
Run replication 20 for parameter line 1689
Run replication 21 for parameter line 1689
Run replication 22 for parameter line 1689
Run replication 23 for parameter line 1689
Run replication 24 for parameter line 1689
Run replication 25 for parameter line 1689
Run replication 26 for parameter line 1689
Run replication 27 for parameter line 1689
Run replication 28 for parameter line 1689
Run replication 29 for parameter line 1689
Run replication 30 for parameter line 1689
Run replication 31 for parameter line 1689
Run replication 32 for parameter line 1689
Run replication 33 for parameter line 1689
Run replication 34 for parameter line 1689
Run replication 35 for parameter line 1689
Run replication 36 for parameter line 1689
Run replication 37 for parameter line 1689
Run replication 38 for parameter line 1689
Run replication 39 for parameter line 1689
Run replication 40 for parameter line 1689
Run replication 41 for parameter line 1689
Run replication 42 for parameter line 1689
Run replication 43 for parameter line 1689
Run replication 44 for parameter line 1689
Run replication 45 for parameter line 1689
Run replication 46 for parameter line 1689
Run replication 47 for parameter line 1689
Run replication 48 for parameter line 1689
Run replication 49 for parameter line 1689
Run replication 50 for parameter line 1689
Run parameter line 1690
Run replication 1 for parameter line 1690
Run replication 2 for parameter line 1690
Run replication 3 for parameter line 1690
Run replication 4 for parameter line 1690
Run replication 5 for parameter line 1690
Run replication 6 for parameter line 1690
Run replication 7 for parameter line 1690
Run replication 8 for parameter line 1690
Run replication 9 for parameter line 1690
Run replication 10 for parameter line 1690
Run replication 11 for parameter line 1690
Run replication 12 for parameter line 1690
Run replication 13 for parameter line 1690
Run replication 14 for parameter line 1690
Run replication 15 for parameter line 1690
Run replication 16 for parameter line 1690
Run replication 17 for parameter line 1690
Run replication 18 for parameter line 1690
Run replication 19 for parameter line 1690
Run replication 20 for parameter line 1690
Run replication 21 for parameter line 1690
Run replication 22 for parameter line 1690
Run replication 23 for parameter line 1690
Run replication 24 for parameter line 1690
Run replication 25 for parameter line 1690
Run replication 26 for parameter line 1690
Run replication 27 for parameter line 1690
Run replication 28 for parameter line 1690
Run replication 29 for parameter line 1690
Run replication 30 for parameter line 1690
Run replication 31 for parameter line 1690
Run replication 32 for parameter line 1690
Run replication 33 for parameter line 1690
Run replication 34 for parameter line 1690
Run replication 35 for parameter line 1690
Run replication 36 for parameter line 1690
Run replication 37 for parameter line 1690
Run replication 38 for parameter line 1690
Run replication 39 for parameter line 1690
Run replication 40 for parameter line 1690
Run replication 41 for parameter line 1690
Run replication 42 for parameter line 1690
Run replication 43 for parameter line 1690
Run replication 44 for parameter line 1690
Run replication 45 for parameter line 1690
Run replication 46 for parameter line 1690
Run replication 47 for parameter line 1690
Run replication 48 for parameter line 1690
Run replication 49 for parameter line 1690
Run replication 50 for parameter line 1690
Constructing output.
