2018-05-31 07:17:55.698 INFO - 
============================================
         Azure blobxfer parameters
============================================
         blobxfer version: 1.0.0
                 platform: Linux-4.13.0-1018-azure-x86_64-with-Ubuntu-16.04-xenial
               components: CPython=3.5.2 azstor.blob=0.37.1 azstor.file=0.36.0 crypt=2.2.2 req=2.18.4
       transfer direction: local -> Azure
                  workers: disk=4 xfer=8 md5=0 crypto=0
                 log file: None
              resume file: None
                  timeout: connect=3.1 read=12.1
                     mode: StorageModes.Auto
                  skip on: fs_match=False lmt_ge=False md5=False
        delete extraneous: False
                overwrite: True
                recursive: True
            rename single: True
         chunk size bytes: 0
           one shot bytes: 0
         strip components: 0
         store properties: attr=False md5=False
           rsa public key: None
       local source paths: zipped/runs_31_40.gz
============================================
2018-05-31 07:17:55.699 INFO - blobxfer start time: 2018-05-31 07:17:55.698999+00:00
2018-05-31 07:17:55.699 DEBUG - spawning 4 disk threads
2018-05-31 07:17:55.729 DEBUG - spawning 8 transfer threads
2018-05-31 07:17:55.918 DEBUG - 0 files 0.0000 MiB filesize and/or lmt_ge skipped
2018-05-31 07:17:55.918 DEBUG - 1 local/remote files processed, waiting for upload completion of approx. 2.6300 MiB
2018-05-31 07:17:56.076 INFO - elapsed upload + verify time and throughput of 0.0026 GiB: 0.159 sec, 132.6156 Mbps (16.577 MiB/s)
2018-05-31 07:17:56.077 INFO - blobxfer end time: 2018-05-31 07:17:56.077022+00:00 (elapsed: 0.378 sec)
