Task Arguments: 
JobId = b39b5048-de15-4e3c-91fb-abb2c8dac81e
TaskId = 234
JobPrep Working Dir = /mnt/batch/tasks/workitems/b39b5048-de15-4e3c-91fb-abb2c8dac81e/job-1/jobpreparation/wd
Task Working Dir = /mnt/batch/tasks/workitems/b39b5048-de15-4e3c-91fb-abb2c8dac81e/job-1/234/wd
Shared Dir = /mnt/batch/tasks/shared
My ID is: 234
Running from: 2341
Running to: 2350
Copying and unpacking model files to working directory
Run parameter line 2341
Run replication 1 for parameter line 2341
Run replication 2 for parameter line 2341
Run replication 3 for parameter line 2341
Run replication 4 for parameter line 2341
Run replication 5 for parameter line 2341
Run replication 6 for parameter line 2341
Run replication 7 for parameter line 2341
Run replication 8 for parameter line 2341
Run replication 9 for parameter line 2341
Run replication 10 for parameter line 2341
Run replication 11 for parameter line 2341
Run replication 12 for parameter line 2341
Run replication 13 for parameter line 2341
Run replication 14 for parameter line 2341
Run replication 15 for parameter line 2341
Run replication 16 for parameter line 2341
Run replication 17 for parameter line 2341
Run replication 18 for parameter line 2341
Run replication 19 for parameter line 2341
Run replication 20 for parameter line 2341
Run replication 21 for parameter line 2341
Run replication 22 for parameter line 2341
Run replication 23 for parameter line 2341
Run replication 24 for parameter line 2341
Run replication 25 for parameter line 2341
Run replication 26 for parameter line 2341
Run replication 27 for parameter line 2341
Run replication 28 for parameter line 2341
Run replication 29 for parameter line 2341
Run replication 30 for parameter line 2341
Run replication 31 for parameter line 2341
Run replication 32 for parameter line 2341
Run replication 33 for parameter line 2341
Run replication 34 for parameter line 2341
Run replication 35 for parameter line 2341
Run replication 36 for parameter line 2341
Run replication 37 for parameter line 2341
Run replication 38 for parameter line 2341
Run replication 39 for parameter line 2341
Run replication 40 for parameter line 2341
Run replication 41 for parameter line 2341
Run replication 42 for parameter line 2341
Run replication 43 for parameter line 2341
Run replication 44 for parameter line 2341
Run replication 45 for parameter line 2341
Run replication 46 for parameter line 2341
Run replication 47 for parameter line 2341
Run replication 48 for parameter line 2341
Run replication 49 for parameter line 2341
Run replication 50 for parameter line 2341
Run parameter line 2342
Run replication 1 for parameter line 2342
Run replication 2 for parameter line 2342
Run replication 3 for parameter line 2342
Run replication 4 for parameter line 2342
Run replication 5 for parameter line 2342
Run replication 6 for parameter line 2342
Run replication 7 for parameter line 2342
Run replication 8 for parameter line 2342
Run replication 9 for parameter line 2342
Run replication 10 for parameter line 2342
Run replication 11 for parameter line 2342
Run replication 12 for parameter line 2342
Run replication 13 for parameter line 2342
Run replication 14 for parameter line 2342
Run replication 15 for parameter line 2342
Run replication 16 for parameter line 2342
Run replication 17 for parameter line 2342
Run replication 18 for parameter line 2342
Run replication 19 for parameter line 2342
Run replication 20 for parameter line 2342
Run replication 21 for parameter line 2342
Run replication 22 for parameter line 2342
Run replication 23 for parameter line 2342
Run replication 24 for parameter line 2342
Run replication 25 for parameter line 2342
Run replication 26 for parameter line 2342
Run replication 27 for parameter line 2342
Run replication 28 for parameter line 2342
Run replication 29 for parameter line 2342
Run replication 30 for parameter line 2342
Run replication 31 for parameter line 2342
Run replication 32 for parameter line 2342
Run replication 33 for parameter line 2342
Run replication 34 for parameter line 2342
Run replication 35 for parameter line 2342
Run replication 36 for parameter line 2342
Run replication 37 for parameter line 2342
Run replication 38 for parameter line 2342
Run replication 39 for parameter line 2342
Run replication 40 for parameter line 2342
Run replication 41 for parameter line 2342
Run replication 42 for parameter line 2342
Run replication 43 for parameter line 2342
Run replication 44 for parameter line 2342
Run replication 45 for parameter line 2342
Run replication 46 for parameter line 2342
Run replication 47 for parameter line 2342
Run replication 48 for parameter line 2342
Run replication 49 for parameter line 2342
Run replication 50 for parameter line 2342
Run parameter line 2343
Run replication 1 for parameter line 2343
Run replication 2 for parameter line 2343
Run replication 3 for parameter line 2343
Run replication 4 for parameter line 2343
Run replication 5 for parameter line 2343
Run replication 6 for parameter line 2343
Run replication 7 for parameter line 2343
Run replication 8 for parameter line 2343
Run replication 9 for parameter line 2343
Run replication 10 for parameter line 2343
Run replication 11 for parameter line 2343
Run replication 12 for parameter line 2343
Run replication 13 for parameter line 2343
Run replication 14 for parameter line 2343
Run replication 15 for parameter line 2343
Run replication 16 for parameter line 2343
Run replication 17 for parameter line 2343
Run replication 18 for parameter line 2343
Run replication 19 for parameter line 2343
Run replication 20 for parameter line 2343
Run replication 21 for parameter line 2343
Run replication 22 for parameter line 2343
Run replication 23 for parameter line 2343
Run replication 24 for parameter line 2343
Run replication 25 for parameter line 2343
Run replication 26 for parameter line 2343
Run replication 27 for parameter line 2343
Run replication 28 for parameter line 2343
Run replication 29 for parameter line 2343
Run replication 30 for parameter line 2343
Run replication 31 for parameter line 2343
Run replication 32 for parameter line 2343
Run replication 33 for parameter line 2343
Run replication 34 for parameter line 2343
Run replication 35 for parameter line 2343
Run replication 36 for parameter line 2343
Run replication 37 for parameter line 2343
Run replication 38 for parameter line 2343
Run replication 39 for parameter line 2343
Run replication 40 for parameter line 2343
Run replication 41 for parameter line 2343
Run replication 42 for parameter line 2343
Run replication 43 for parameter line 2343
Run replication 44 for parameter line 2343
Run replication 45 for parameter line 2343
Run replication 46 for parameter line 2343
Run replication 47 for parameter line 2343
Run replication 48 for parameter line 2343
Run replication 49 for parameter line 2343
Run replication 50 for parameter line 2343
Run parameter line 2344
Run replication 1 for parameter line 2344
Run replication 2 for parameter line 2344
Run replication 3 for parameter line 2344
Run replication 4 for parameter line 2344
Run replication 5 for parameter line 2344
Run replication 6 for parameter line 2344
Run replication 7 for parameter line 2344
Run replication 8 for parameter line 2344
Run replication 9 for parameter line 2344
Run replication 10 for parameter line 2344
Run replication 11 for parameter line 2344
Run replication 12 for parameter line 2344
Run replication 13 for parameter line 2344
Run replication 14 for parameter line 2344
Run replication 15 for parameter line 2344
Run replication 16 for parameter line 2344
Run replication 17 for parameter line 2344
Run replication 18 for parameter line 2344
Run replication 19 for parameter line 2344
Run replication 20 for parameter line 2344
Run replication 21 for parameter line 2344
Run replication 22 for parameter line 2344
Run replication 23 for parameter line 2344
Run replication 24 for parameter line 2344
Run replication 25 for parameter line 2344
Run replication 26 for parameter line 2344
Run replication 27 for parameter line 2344
Run replication 28 for parameter line 2344
Run replication 29 for parameter line 2344
Run replication 30 for parameter line 2344
Run replication 31 for parameter line 2344
Run replication 32 for parameter line 2344
Run replication 33 for parameter line 2344
Run replication 34 for parameter line 2344
Run replication 35 for parameter line 2344
Run replication 36 for parameter line 2344
Run replication 37 for parameter line 2344
Run replication 38 for parameter line 2344
Run replication 39 for parameter line 2344
Run replication 40 for parameter line 2344
Run replication 41 for parameter line 2344
Run replication 42 for parameter line 2344
Run replication 43 for parameter line 2344
Run replication 44 for parameter line 2344
Run replication 45 for parameter line 2344
Run replication 46 for parameter line 2344
Run replication 47 for parameter line 2344
Run replication 48 for parameter line 2344
Run replication 49 for parameter line 2344
Run replication 50 for parameter line 2344
Run parameter line 2345
Run replication 1 for parameter line 2345
Run replication 2 for parameter line 2345
Run replication 3 for parameter line 2345
Run replication 4 for parameter line 2345
Run replication 5 for parameter line 2345
Run replication 6 for parameter line 2345
Run replication 7 for parameter line 2345
Run replication 8 for parameter line 2345
Run replication 9 for parameter line 2345
Run replication 10 for parameter line 2345
Run replication 11 for parameter line 2345
Run replication 12 for parameter line 2345
Run replication 13 for parameter line 2345
Run replication 14 for parameter line 2345
Run replication 15 for parameter line 2345
Run replication 16 for parameter line 2345
Run replication 17 for parameter line 2345
Run replication 18 for parameter line 2345
Run replication 19 for parameter line 2345
Run replication 20 for parameter line 2345
Run replication 21 for parameter line 2345
Run replication 22 for parameter line 2345
Run replication 23 for parameter line 2345
Run replication 24 for parameter line 2345
Run replication 25 for parameter line 2345
Run replication 26 for parameter line 2345
Run replication 27 for parameter line 2345
Run replication 28 for parameter line 2345
Run replication 29 for parameter line 2345
Run replication 30 for parameter line 2345
Run replication 31 for parameter line 2345
Run replication 32 for parameter line 2345
Run replication 33 for parameter line 2345
Run replication 34 for parameter line 2345
Run replication 35 for parameter line 2345
Run replication 36 for parameter line 2345
Run replication 37 for parameter line 2345
Run replication 38 for parameter line 2345
Run replication 39 for parameter line 2345
Run replication 40 for parameter line 2345
Run replication 41 for parameter line 2345
Run replication 42 for parameter line 2345
Run replication 43 for parameter line 2345
Run replication 44 for parameter line 2345
Run replication 45 for parameter line 2345
Run replication 46 for parameter line 2345
Run replication 47 for parameter line 2345
Run replication 48 for parameter line 2345
Run replication 49 for parameter line 2345
Run replication 50 for parameter line 2345
Run parameter line 2346
Run replication 1 for parameter line 2346
Run replication 2 for parameter line 2346
Run replication 3 for parameter line 2346
Run replication 4 for parameter line 2346
Run replication 5 for parameter line 2346
Run replication 6 for parameter line 2346
Run replication 7 for parameter line 2346
Run replication 8 for parameter line 2346
Run replication 9 for parameter line 2346
Run replication 10 for parameter line 2346
Run replication 11 for parameter line 2346
Run replication 12 for parameter line 2346
Run replication 13 for parameter line 2346
Run replication 14 for parameter line 2346
Run replication 15 for parameter line 2346
Run replication 16 for parameter line 2346
Run replication 17 for parameter line 2346
Run replication 18 for parameter line 2346
Run replication 19 for parameter line 2346
Run replication 20 for parameter line 2346
Run replication 21 for parameter line 2346
Run replication 22 for parameter line 2346
Run replication 23 for parameter line 2346
Run replication 24 for parameter line 2346
Run replication 25 for parameter line 2346
Run replication 26 for parameter line 2346
Run replication 27 for parameter line 2346
Run replication 28 for parameter line 2346
Run replication 29 for parameter line 2346
Run replication 30 for parameter line 2346
Run replication 31 for parameter line 2346
Run replication 32 for parameter line 2346
Run replication 33 for parameter line 2346
Run replication 34 for parameter line 2346
Run replication 35 for parameter line 2346
Run replication 36 for parameter line 2346
Run replication 37 for parameter line 2346
Run replication 38 for parameter line 2346
Run replication 39 for parameter line 2346
Run replication 40 for parameter line 2346
Run replication 41 for parameter line 2346
Run replication 42 for parameter line 2346
Run replication 43 for parameter line 2346
Run replication 44 for parameter line 2346
Run replication 45 for parameter line 2346
Run replication 46 for parameter line 2346
Run replication 47 for parameter line 2346
Run replication 48 for parameter line 2346
Run replication 49 for parameter line 2346
Run replication 50 for parameter line 2346
Run parameter line 2347
Run replication 1 for parameter line 2347
Run replication 2 for parameter line 2347
Run replication 3 for parameter line 2347
Run replication 4 for parameter line 2347
Run replication 5 for parameter line 2347
Run replication 6 for parameter line 2347
Run replication 7 for parameter line 2347
Run replication 8 for parameter line 2347
Run replication 9 for parameter line 2347
Run replication 10 for parameter line 2347
Run replication 11 for parameter line 2347
Run replication 12 for parameter line 2347
Run replication 13 for parameter line 2347
Run replication 14 for parameter line 2347
Run replication 15 for parameter line 2347
Run replication 16 for parameter line 2347
Run replication 17 for parameter line 2347
Run replication 18 for parameter line 2347
Run replication 19 for parameter line 2347
Run replication 20 for parameter line 2347
Run replication 21 for parameter line 2347
Run replication 22 for parameter line 2347
Run replication 23 for parameter line 2347
Run replication 24 for parameter line 2347
Run replication 25 for parameter line 2347
Run replication 26 for parameter line 2347
Run replication 27 for parameter line 2347
Run replication 28 for parameter line 2347
Run replication 29 for parameter line 2347
Run replication 30 for parameter line 2347
Run replication 31 for parameter line 2347
Run replication 32 for parameter line 2347
Run replication 33 for parameter line 2347
Run replication 34 for parameter line 2347
Run replication 35 for parameter line 2347
Run replication 36 for parameter line 2347
Run replication 37 for parameter line 2347
Run replication 38 for parameter line 2347
Run replication 39 for parameter line 2347
Run replication 40 for parameter line 2347
Run replication 41 for parameter line 2347
Run replication 42 for parameter line 2347
Run replication 43 for parameter line 2347
Run replication 44 for parameter line 2347
Run replication 45 for parameter line 2347
Run replication 46 for parameter line 2347
Run replication 47 for parameter line 2347
Run replication 48 for parameter line 2347
Run replication 49 for parameter line 2347
Run replication 50 for parameter line 2347
Run parameter line 2348
Run replication 1 for parameter line 2348
Run replication 2 for parameter line 2348
Run replication 3 for parameter line 2348
Run replication 4 for parameter line 2348
Run replication 5 for parameter line 2348
Run replication 6 for parameter line 2348
Run replication 7 for parameter line 2348
Run replication 8 for parameter line 2348
Run replication 9 for parameter line 2348
Run replication 10 for parameter line 2348
Run replication 11 for parameter line 2348
Run replication 12 for parameter line 2348
Run replication 13 for parameter line 2348
Run replication 14 for parameter line 2348
Run replication 15 for parameter line 2348
Run replication 16 for parameter line 2348
Run replication 17 for parameter line 2348
Run replication 18 for parameter line 2348
Run replication 19 for parameter line 2348
Run replication 20 for parameter line 2348
Run replication 21 for parameter line 2348
Run replication 22 for parameter line 2348
Run replication 23 for parameter line 2348
Run replication 24 for parameter line 2348
Run replication 25 for parameter line 2348
Run replication 26 for parameter line 2348
Run replication 27 for parameter line 2348
Run replication 28 for parameter line 2348
Run replication 29 for parameter line 2348
Run replication 30 for parameter line 2348
Run replication 31 for parameter line 2348
Run replication 32 for parameter line 2348
Run replication 33 for parameter line 2348
Run replication 34 for parameter line 2348
Run replication 35 for parameter line 2348
Run replication 36 for parameter line 2348
Run replication 37 for parameter line 2348
Run replication 38 for parameter line 2348
Run replication 39 for parameter line 2348
Run replication 40 for parameter line 2348
Run replication 41 for parameter line 2348
Run replication 42 for parameter line 2348
Run replication 43 for parameter line 2348
Run replication 44 for parameter line 2348
Run replication 45 for parameter line 2348
Run replication 46 for parameter line 2348
Run replication 47 for parameter line 2348
Run replication 48 for parameter line 2348
Run replication 49 for parameter line 2348
Run replication 50 for parameter line 2348
Run parameter line 2349
Run replication 1 for parameter line 2349
Run replication 2 for parameter line 2349
Run replication 3 for parameter line 2349
Run replication 4 for parameter line 2349
Run replication 5 for parameter line 2349
Run replication 6 for parameter line 2349
Run replication 7 for parameter line 2349
Run replication 8 for parameter line 2349
Run replication 9 for parameter line 2349
Run replication 10 for parameter line 2349
Run replication 11 for parameter line 2349
Run replication 12 for parameter line 2349
Run replication 13 for parameter line 2349
Run replication 14 for parameter line 2349
Run replication 15 for parameter line 2349
Run replication 16 for parameter line 2349
Run replication 17 for parameter line 2349
Run replication 18 for parameter line 2349
Run replication 19 for parameter line 2349
Run replication 20 for parameter line 2349
Run replication 21 for parameter line 2349
Run replication 22 for parameter line 2349
Run replication 23 for parameter line 2349
Run replication 24 for parameter line 2349
Run replication 25 for parameter line 2349
Run replication 26 for parameter line 2349
Run replication 27 for parameter line 2349
Run replication 28 for parameter line 2349
Run replication 29 for parameter line 2349
Run replication 30 for parameter line 2349
Run replication 31 for parameter line 2349
Run replication 32 for parameter line 2349
Run replication 33 for parameter line 2349
Run replication 34 for parameter line 2349
Run replication 35 for parameter line 2349
Run replication 36 for parameter line 2349
Run replication 37 for parameter line 2349
Run replication 38 for parameter line 2349
Run replication 39 for parameter line 2349
Run replication 40 for parameter line 2349
Run replication 41 for parameter line 2349
Run replication 42 for parameter line 2349
Run replication 43 for parameter line 2349
Run replication 44 for parameter line 2349
Run replication 45 for parameter line 2349
Run replication 46 for parameter line 2349
Run replication 47 for parameter line 2349
Run replication 48 for parameter line 2349
Run replication 49 for parameter line 2349
Run replication 50 for parameter line 2349
Run parameter line 2350
Run replication 1 for parameter line 2350
Run replication 2 for parameter line 2350
Run replication 3 for parameter line 2350
Run replication 4 for parameter line 2350
Run replication 5 for parameter line 2350
Run replication 6 for parameter line 2350
Run replication 7 for parameter line 2350
Run replication 8 for parameter line 2350
Run replication 9 for parameter line 2350
Run replication 10 for parameter line 2350
Run replication 11 for parameter line 2350
Run replication 12 for parameter line 2350
Run replication 13 for parameter line 2350
Run replication 14 for parameter line 2350
Run replication 15 for parameter line 2350
Run replication 16 for parameter line 2350
Run replication 17 for parameter line 2350
Run replication 18 for parameter line 2350
Run replication 19 for parameter line 2350
Run replication 20 for parameter line 2350
Run replication 21 for parameter line 2350
Run replication 22 for parameter line 2350
Run replication 23 for parameter line 2350
Run replication 24 for parameter line 2350
Run replication 25 for parameter line 2350
Run replication 26 for parameter line 2350
Run replication 27 for parameter line 2350
Run replication 28 for parameter line 2350
Run replication 29 for parameter line 2350
Run replication 30 for parameter line 2350
Run replication 31 for parameter line 2350
Run replication 32 for parameter line 2350
Run replication 33 for parameter line 2350
Run replication 34 for parameter line 2350
Run replication 35 for parameter line 2350
Run replication 36 for parameter line 2350
Run replication 37 for parameter line 2350
Run replication 38 for parameter line 2350
Run replication 39 for parameter line 2350
Run replication 40 for parameter line 2350
Run replication 41 for parameter line 2350
Run replication 42 for parameter line 2350
Run replication 43 for parameter line 2350
Run replication 44 for parameter line 2350
Run replication 45 for parameter line 2350
Run replication 46 for parameter line 2350
Run replication 47 for parameter line 2350
Run replication 48 for parameter line 2350
Run replication 49 for parameter line 2350
Run replication 50 for parameter line 2350
Constructing output.
